# JRE version: Java(TM) SE Runtime Environment (8.0_201-b09) (build 1.8.0_201-b09)
# Java VM: Java HotSpot(TM) 64-Bit Server VM (25.201-b09 mixed mode windows-amd64 compressed oops)
Heap:
 PSYoungGen      total 145408K, used 59326K [0x00000000d5f00000, 0x00000000dfb00000, 0x0000000100000000)
  eden space 132096K, 34% used [0x00000000d5f00000,0x00000000d8bef860,0x00000000de000000)
  from space 13312K, 100% used [0x00000000de000000,0x00000000ded00000,0x00000000ded00000)
  to   space 12288K, 0% used [0x00000000ded00000,0x00000000ded00000,0x00000000df900000)
 ParOldGen       total 87552K, used 22023K [0x0000000081c00000, 0x0000000087180000, 0x00000000d5f00000)
  object space 87552K, 25% used [0x0000000081c00000,0x0000000083181e48,0x0000000087180000)
 Metaspace       used 20272K, capacity 20970K, committed 20992K, reserved 1067008K
  class space    used 2344K, capacity 2544K, committed 2560K, reserved 1048576K
GC Heap History (10 events):
Event: 2.631 GC heap before
{Heap before GC invocations=3 (full 0):
 PSYoungGen      total 38400K, used 38376K [0x00000000d5f00000, 0x00000000daa00000, 0x0000000100000000)
  eden space 33280K, 100% used [0x00000000d5f00000,0x00000000d7f80000,0x00000000d7f80000)
  from space 5120K, 99% used [0x00000000d8480000,0x00000000d897a3b8,0x00000000d8980000)
  to   space 5120K, 0% used [0x00000000d7f80000,0x00000000d7f80000,0x00000000d8480000)
 ParOldGen       total 87552K, used 2942K [0x0000000081c00000, 0x0000000087180000, 0x00000000d5f00000)
  object space 87552K, 3% used [0x0000000081c00000,0x0000000081edfa18,0x0000000087180000)
 Metaspace       used 15005K, capacity 15276K, committed 15616K, reserved 1062912K
  class space    used 1842K, capacity 1944K, committed 2048K, reserved 1048576K
Event: 2.642 GC heap after
Heap after GC invocations=3 (full 0):
 PSYoungGen      total 38400K, used 5112K [0x00000000d5f00000, 0x00000000daa00000, 0x0000000100000000)
  eden space 33280K, 0% used [0x00000000d5f00000,0x00000000d5f00000,0x00000000d7f80000)
  from space 5120K, 99% used [0x00000000d7f80000,0x00000000d847e030,0x00000000d8480000)
  to   space 5120K, 0% used [0x00000000da500000,0x00000000da500000,0x00000000daa00000)
 ParOldGen       total 87552K, used 6254K [0x0000000081c00000, 0x0000000087180000, 0x00000000d5f00000)
  object space 87552K, 7% used [0x0000000081c00000,0x000000008221bb28,0x0000000087180000)
 Metaspace       used 15005K, capacity 15276K, committed 15616K, reserved 1062912K
  class space    used 1842K, capacity 1944K, committed 2048K, reserved 1048576K
}
Event: 2.945 GC heap before
{Heap before GC invocations=4 (full 0):
 PSYoungGen      total 38400K, used 38392K [0x00000000d5f00000, 0x00000000daa00000, 0x0000000100000000)
  eden space 33280K, 100% used [0x00000000d5f00000,0x00000000d7f80000,0x00000000d7f80000)
  from space 5120K, 99% used [0x00000000d7f80000,0x00000000d847e030,0x00000000d8480000)
  to   space 5120K, 0% used [0x00000000da500000,0x00000000da500000,0x00000000daa00000)
 ParOldGen       total 87552K, used 6254K [0x0000000081c00000, 0x0000000087180000, 0x00000000d5f00000)
  object space 87552K, 7% used [0x0000000081c00000,0x000000008221bb28,0x0000000087180000)
 Metaspace       used 15391K, capacity 15634K, committed 15872K, reserved 1062912K
  class space    used 1864K, capacity 1977K, committed 2048K, reserved 1048576K
Event: 2.960 GC heap after
Heap after GC invocations=4 (full 0):
 PSYoungGen      total 71680K, used 5108K [0x00000000d5f00000, 0x00000000daa00000, 0x0000000100000000)
  eden space 66560K, 0% used [0x00000000d5f00000,0x00000000d5f00000,0x00000000da000000)
  from space 5120K, 99% used [0x00000000da500000,0x00000000da9fd360,0x00000000daa00000)
  to   space 5120K, 0% used [0x00000000da000000,0x00000000da000000,0x00000000da500000)
 ParOldGen       total 87552K, used 9963K [0x0000000081c00000, 0x0000000087180000, 0x00000000d5f00000)
  object space 87552K, 11% used [0x0000000081c00000,0x00000000825bade8,0x0000000087180000)
 Metaspace       used 15391K, capacity 15634K, committed 15872K, reserved 1062912K
  class space    used 1864K, capacity 1977K, committed 2048K, reserved 1048576K
}
Event: 3.556 GC heap before
{Heap before GC invocations=5 (full 0):
 PSYoungGen      total 71680K, used 71668K [0x00000000d5f00000, 0x00000000daa00000, 0x0000000100000000)
  eden space 66560K, 100% used [0x00000000d5f00000,0x00000000da000000,0x00000000da000000)
  from space 5120K, 99% used [0x00000000da500000,0x00000000da9fd360,0x00000000daa00000)
  to   space 5120K, 0% used [0x00000000da000000,0x00000000da000000,0x00000000da500000)
 ParOldGen       total 87552K, used 9963K [0x0000000081c00000, 0x0000000087180000, 0x00000000d5f00000)
  object space 87552K, 11% used [0x0000000081c00000,0x00000000825bade8,0x0000000087180000)
 Metaspace       used 15686K, capacity 15996K, committed 16128K, reserved 1062912K
  class space    used 1880K, capacity 1984K, committed 2048K, reserved 1048576K
Event: 3.568 GC heap after
Heap after GC invocations=5 (full 0):
 PSYoungGen      total 71680K, used 5112K [0x00000000d5f00000, 0x00000000df900000, 0x0000000100000000)
  eden space 66560K, 0% used [0x00000000d5f00000,0x00000000d5f00000,0x00000000da000000)
  from space 5120K, 99% used [0x00000000da000000,0x00000000da4fe030,0x00000000da500000)
  to   space 12288K, 0% used [0x00000000ded00000,0x00000000ded00000,0x00000000df900000)
 ParOldGen       total 87552K, used 16342K [0x0000000081c00000, 0x0000000087180000, 0x00000000d5f00000)
  object space 87552K, 18% used [0x0000000081c00000,0x0000000082bf5928,0x0000000087180000)
 Metaspace       used 15686K, capacity 15996K, committed 16128K, reserved 1062912K
  class space    used 1880K, capacity 1984K, committed 2048K, reserved 1048576K
}
Event: 4.172 GC heap before
{Heap before GC invocations=6 (full 0):
 PSYoungGen      total 71680K, used 71672K [0x00000000d5f00000, 0x00000000df900000, 0x0000000100000000)
  eden space 66560K, 100% used [0x00000000d5f00000,0x00000000da000000,0x00000000da000000)
  from space 5120K, 99% used [0x00000000da000000,0x00000000da4fe030,0x00000000da500000)
  to   space 12288K, 0% used [0x00000000ded00000,0x00000000ded00000,0x00000000df900000)
 ParOldGen       total 87552K, used 16342K [0x0000000081c00000, 0x0000000087180000, 0x00000000d5f00000)
  object space 87552K, 18% used [0x0000000081c00000,0x0000000082bf5928,0x0000000087180000)
 Metaspace       used 16055K, capacity 16328K, committed 16640K, reserved 1064960K
  class space    used 1883K, capacity 1986K, committed 2048K, reserved 1048576K
Event: 4.187 GC heap after
Heap after GC invocations=6 (full 0):
 PSYoungGen      total 144384K, used 10632K [0x00000000d5f00000, 0x00000000dfb00000, 0x0000000100000000)
  eden space 132096K, 0% used [0x00000000d5f00000,0x00000000d5f00000,0x00000000de000000)
  from space 12288K, 86% used [0x00000000ded00000,0x00000000df762020,0x00000000df900000)
  to   space 13312K, 0% used [0x00000000de000000,0x00000000de000000,0x00000000ded00000)
 ParOldGen       total 87552K, used 16350K [0x0000000081c00000, 0x0000000087180000, 0x00000000d5f00000)
  object space 87552K, 18% used [0x0000000081c00000,0x0000000082bf7928,0x0000000087180000)
 Metaspace       used 16055K, capacity 16328K, committed 16640K, reserved 1064960K
  class space    used 1883K, capacity 1986K, committed 2048K, reserved 1048576K
}
Event: 6.063 GC heap before
{Heap before GC invocations=7 (full 0):
 PSYoungGen      total 144384K, used 142728K [0x00000000d5f00000, 0x00000000dfb00000, 0x0000000100000000)
  eden space 132096K, 100% used [0x00000000d5f00000,0x00000000de000000,0x00000000de000000)
  from space 12288K, 86% used [0x00000000ded00000,0x00000000df762020,0x00000000df900000)
  to   space 13312K, 0% used [0x00000000de000000,0x00000000de000000,0x00000000ded00000)
 ParOldGen       total 87552K, used 16350K [0x0000000081c00000, 0x0000000087180000, 0x00000000d5f00000)
  object space 87552K, 18% used [0x0000000081c00000,0x0000000082bf7928,0x0000000087180000)
 Metaspace       used 20059K, capacity 20658K, committed 20736K, reserved 1067008K
  class space    used 2325K, capacity 2504K, committed 2560K, reserved 1048576K
Event: 6.098 GC heap after
Heap after GC invocations=7 (full 0):
 PSYoungGen      total 145408K, used 13312K [0x00000000d5f00000, 0x00000000dfb00000, 0x0000000100000000)
  eden space 132096K, 0% used [0x00000000d5f00000,0x00000000d5f00000,0x00000000de000000)
  from space 13312K, 100% used [0x00000000de000000,0x00000000ded00000,0x00000000ded00000)
  to   space 12288K, 0% used [0x00000000ded00000,0x00000000ded00000,0x00000000df900000)
 ParOldGen       total 87552K, used 22023K [0x0000000081c00000, 0x0000000087180000, 0x00000000d5f00000)
  object space 87552K, 25% used [0x0000000081c00000,0x0000000083181e48,0x0000000087180000)
 Metaspace       used 20059K, capacity 20658K, committed 20736K, reserved 1067008K
  class space    used 2325K, capacity 2504K, committed 2560K, reserved 1048576K
}

